<?xml version="1.0" encoding="UTF-8"?>
<!-- Generated by org.testng.reporters.JUnitReportReporter -->
<testsuite hostname="Amit-Puntambekars-MacBook-Pro.local" name="com.noname.controller.NewTest" tests="1" failures="0" timestamp="30 Nov 2015 23:39:07 GMT" time="28.655" errors="0">
  <testcase name="test_first" time="28.655" classname="com.noname.controller.NewTest"/>
</testsuite> <!-- com.noname.controller.NewTest -->
